0 silly argv {
0 silly argv   _: [ 'version' ],
0 silly argv   lernaVersion: '3.22.1',
0 silly argv   '$0': 'lerna',
0 silly argv   bump: 'patch'
0 silly argv }
1 notice cli v3.22.1
2 verbose rootPath /Users/tommyrz/Desktop/Personal-projects/gotype
3 info current version 1.1.6
4 silly isAnythingCommitted
5 verbose isAnythingCommitted 1
6 silly currentBranch
7 verbose currentBranch main
8 silly remoteBranchExists
9 silly isBehindUpstream
10 error Error: Command failed: git remote update
10 error remote: Repository not found.
10 error fatal: repository 'https://github.com/tommy2804/goType.git/' not found
10 error error: could not fetch origin
10 error
10 error Fetching origin
10 error Fetching main
10 error
10 error     at makeError (/usr/local/lib/node_modules/lerna/node_modules/execa/index.js:174:9)
10 error     at module.exports.sync (/usr/local/lib/node_modules/lerna/node_modules/execa/index.js:338:15)
10 error     at Object.execSync (/usr/local/lib/node_modules/lerna/node_modules/@lerna/child-process/index.js:26:16)
10 error     at updateRemote (/usr/local/lib/node_modules/lerna/node_modules/@lerna/version/lib/is-behind-upstream.js:26:16)
10 error     at isBehindUpstream (/usr/local/lib/node_modules/lerna/node_modules/@lerna/version/lib/is-behind-upstream.js:11:3)
10 error     at VersionCommand.initialize (/usr/local/lib/node_modules/lerna/node_modules/@lerna/version/index.js:154:9)
